c:\users\hannes\documents\visual studio 2015\projects\ezg\ezg-directx-shadow-mapping\c++\debug\pch.pch
c:\users\hannes\documents\visual studio 2015\projects\ezg\ezg-directx-shadow-mapping\c++\debug\vc120.pdb
c:\users\hannes\documents\visual studio 2015\projects\ezg\ezg-directx-shadow-mapping\c++\debug\vc120.idb
c:\users\hannes\documents\visual studio 2015\projects\ezg\ezg-directx-shadow-mapping\c++\debug\pch.obj
c:\users\hannes\documents\visual studio 2015\projects\ezg\ezg-directx-shadow-mapping\c++\debug\app.xaml.obj
c:\users\hannes\documents\visual studio 2015\projects\ezg\ezg-directx-shadow-mapping\c++\debug\xamltypeinfo.impl.g.obj
c:\users\hannes\documents\visual studio 2015\projects\ezg\ezg-directx-shadow-mapping\c++\debug\shadowmappingmain.obj
c:\users\hannes\documents\visual studio 2015\projects\ezg\ezg-directx-shadow-mapping\c++\debug\ddstextureloader.obj
c:\users\hannes\documents\visual studio 2015\projects\ezg\ezg-directx-shadow-mapping\c++\debug\directxpage.xaml.obj
c:\users\hannes\documents\visual studio 2015\projects\ezg\ezg-directx-shadow-mapping\c++\debug\kdtree.obj
c:\users\hannes\documents\visual studio 2015\projects\ezg\ezg-directx-shadow-mapping\c++\debug\shadowscenerenderer.obj
c:\users\hannes\documents\visual studio 2015\projects\ezg\ezg-directx-shadow-mapping\c++\debug\basicshapes.obj
c:\users\hannes\documents\visual studio 2015\projects\ezg\ezg-directx-shadow-mapping\c++\debug\timer.obj
c:\users\hannes\documents\visual studio 2015\projects\ezg\ezg-directx-shadow-mapping\c++\debug\deviceresources.obj
c:\users\hannes\documents\visual studio 2015\projects\ezg\ezg-directx-shadow-mapping\c++\debug\xamltypeinfo.g.obj
c:\users\hannes\documents\visual studio 2015\projects\ezg\ezg-directx-shadow-mapping\c++\debug\shadowmapping\comparisonshader.cso
c:\users\hannes\documents\visual studio 2015\projects\ezg\ezg-directx-shadow-mapping\c++\debug\shadowmapping\linepixelshader.cso
c:\users\hannes\documents\visual studio 2015\projects\ezg\ezg-directx-shadow-mapping\c++\debug\shadowmapping\simplevertexshader.cso
c:\users\hannes\documents\visual studio 2015\projects\ezg\ezg-directx-shadow-mapping\c++\debug\shadowmapping\textureshader.cso
c:\users\hannes\documents\visual studio 2015\projects\ezg\ezg-directx-shadow-mapping\c++\debug\shadowmapping\vertexlineshader.cso
c:\users\hannes\documents\visual studio 2015\projects\ezg\ezg-directx-shadow-mapping\c++\debug\shadowmapping\vertexshader.cso
c:\users\hannes\documents\visual studio 2015\projects\ezg\ezg-directx-shadow-mapping\c++\debug\shadowmapping\shadowpixelshader.cso
c:\users\hannes\documents\visual studio 2015\projects\ezg\ezg-directx-shadow-mapping\c++\debug\shadowmapping.tlog\shadowmapping.winmd.lastbuild
c:\users\hannes\documents\visual studio 2015\projects\ezg\ezg-directx-shadow-mapping\c++\debug\shadowmapping\shadowmapping.ilk
c:\users\hannes\documents\visual studio 2015\projects\ezg\ezg-directx-shadow-mapping\c++\debug\shadowmapping\shadowmapping.exe
c:\users\hannes\documents\visual studio 2015\projects\ezg\ezg-directx-shadow-mapping\c++\debug\shadowmapping\shadowmapping.pdb
c:\users\hannes\documents\visual studio 2015\projects\ezg\ezg-directx-shadow-mapping\c++\debug\shadowmapping\shadowpixelshader_point.cso
c:\users\hannes\documents\visual studio 2015\projects\ezg\ezg-directx-shadow-mapping\c++\debug\shadowmapping\shadowmapping.winmd
c:\users\hannes\documents\visual studio 2015\projects\ezg\ezg-directx-shadow-mapping\c++\debug\shadowmapping\shadowmapping.lib
c:\users\hannes\documents\visual studio 2015\projects\ezg\ezg-directx-shadow-mapping\c++\debug\shadowmapping\shadowmapping.exp
c:\users\hannes\documents\visual studio 2015\projects\ezg\ezg-directx-shadow-mapping\c++\generated files\app.g.h
c:\users\hannes\documents\visual studio 2015\projects\ezg\ezg-directx-shadow-mapping\c++\generated files\directxpage.g.h
c:\users\hannes\documents\visual studio 2015\projects\ezg\ezg-directx-shadow-mapping\c++\generated files\xamllibmetadataprovider.g.cpp
c:\users\hannes\documents\visual studio 2015\projects\ezg\ezg-directx-shadow-mapping\c++\generated files\xamltypeinfo.impl.g.cpp
c:\users\hannes\documents\visual studio 2015\projects\ezg\ezg-directx-shadow-mapping\c++\debug\xamlsavestatefile.xml
c:\users\hannes\documents\visual studio 2015\projects\ezg\ezg-directx-shadow-mapping\c++\generated files\app.g.hpp
c:\users\hannes\documents\visual studio 2015\projects\ezg\ezg-directx-shadow-mapping\c++\generated files\directxpage.g.hpp
c:\users\hannes\documents\visual studio 2015\projects\ezg\ezg-directx-shadow-mapping\c++\generated files\xamltypeinfo.g.cpp
c:\users\hannes\documents\visual studio 2015\projects\ezg\ezg-directx-shadow-mapping\c++\generated files\app.xaml
c:\users\hannes\documents\visual studio 2015\projects\ezg\ezg-directx-shadow-mapping\c++\generated files\directxpage.xaml
c:\users\hannes\documents\visual studio 2015\projects\ezg\ezg-directx-shadow-mapping\c++\generated files\app.xbf
c:\users\hannes\documents\visual studio 2015\projects\ezg\ezg-directx-shadow-mapping\c++\generated files\directxpage.xbf
c:\users\hannes\documents\visual studio 2015\projects\ezg\ezg-directx-shadow-mapping\c++\debug\shadowmapping\app.xbf
c:\users\hannes\documents\visual studio 2015\projects\ezg\ezg-directx-shadow-mapping\c++\debug\shadowmapping\directxpage.xbf
c:\users\hannes\documents\visual studio 2015\projects\ezg\ezg-directx-shadow-mapping\c++\debug\priconfig.xml
c:\users\hannes\documents\visual studio 2015\projects\ezg\ezg-directx-shadow-mapping\c++\debug\priconfig.xml.intermediate
c:\users\hannes\documents\visual studio 2015\projects\ezg\ezg-directx-shadow-mapping\c++\debug\layout.resfiles
c:\users\hannes\documents\visual studio 2015\projects\ezg\ezg-directx-shadow-mapping\c++\debug\layout.resfiles.intermediate
c:\users\hannes\documents\visual studio 2015\projects\ezg\ezg-directx-shadow-mapping\c++\debug\resources.resfiles
c:\users\hannes\documents\visual studio 2015\projects\ezg\ezg-directx-shadow-mapping\c++\debug\resources.resfiles.intermediate
c:\users\hannes\documents\visual studio 2015\projects\ezg\ezg-directx-shadow-mapping\c++\debug\pri.resfiles
c:\users\hannes\documents\visual studio 2015\projects\ezg\ezg-directx-shadow-mapping\c++\debug\pri.resfiles.intermediate
c:\users\hannes\documents\visual studio 2015\projects\ezg\ezg-directx-shadow-mapping\c++\debug\shadowmapping\resources.pri
c:\users\hannes\documents\visual studio 2015\projects\ezg\ezg-directx-shadow-mapping\c++\debug\qualifiers.txt
c:\users\hannes\documents\visual studio 2015\projects\ezg\ezg-directx-shadow-mapping\c++\debug\qualifiers.txt.intermediate
c:\users\hannes\documents\visual studio 2015\projects\ezg\ezg-directx-shadow-mapping\c++\debug\multiplequalifiersperdimensionfound.txt
c:\users\hannes\documents\visual studio 2015\projects\ezg\ezg-directx-shadow-mapping\c++\debug\projectarchitectures.txt
c:\users\hannes\documents\visual studio 2015\projects\ezg\ezg-directx-shadow-mapping\c++\debug\shadowmapping\appxmanifest.xml
c:\users\hannes\documents\visual studio 2015\projects\ezg\ezg-directx-shadow-mapping\c++\debug\shadowmapping\shadowmapping.build.appxrecipe
c:\users\hanne\onedrive\projekte\lokal\vs15\ezg\ezg_hoettinger_mgs1_2015-16\c++\debug\shadowmapping.vcxprojresolveassemblyreference.cache
c:\users\hanne\onedrive\projekte\lokal\vs15\ezg\ezg_hoettinger_mgs1_2015-16\c++\debug\app.xaml.obj
c:\users\hanne\onedrive\projekte\lokal\vs15\ezg\ezg_hoettinger_mgs1_2015-16\c++\debug\basicshapes.obj
c:\users\hanne\onedrive\projekte\lokal\vs15\ezg\ezg_hoettinger_mgs1_2015-16\c++\debug\ddstextureloader.obj
c:\users\hanne\onedrive\projekte\lokal\vs15\ezg\ezg_hoettinger_mgs1_2015-16\c++\debug\deviceresources.obj
c:\users\hanne\onedrive\projekte\lokal\vs15\ezg\ezg_hoettinger_mgs1_2015-16\c++\debug\directxpage.xaml.obj
c:\users\hanne\onedrive\projekte\lokal\vs15\ezg\ezg_hoettinger_mgs1_2015-16\c++\debug\kdtree.obj
c:\users\hanne\onedrive\projekte\lokal\vs15\ezg\ezg_hoettinger_mgs1_2015-16\c++\debug\pch.obj
c:\users\hanne\onedrive\projekte\lokal\vs15\ezg\ezg_hoettinger_mgs1_2015-16\c++\debug\shadowmappingmain.obj
c:\users\hanne\onedrive\projekte\lokal\vs15\ezg\ezg_hoettinger_mgs1_2015-16\c++\debug\shadowscenerenderer.obj
c:\users\hanne\onedrive\projekte\lokal\vs15\ezg\ezg_hoettinger_mgs1_2015-16\c++\debug\timer.obj
c:\users\hanne\onedrive\projekte\lokal\vs15\ezg\ezg_hoettinger_mgs1_2015-16\c++\debug\xamltypeinfo.g.obj
c:\users\hanne\onedrive\projekte\lokal\vs15\ezg\ezg_hoettinger_mgs1_2015-16\c++\debug\xamltypeinfo.impl.g.obj
c:\users\hanne\onedrive\projekte\lokal\vs15\ezg\ezg_hoettinger_mgs1_2015-16\c++\debug\layout.resfiles
c:\users\hanne\onedrive\projekte\lokal\vs15\ezg\ezg_hoettinger_mgs1_2015-16\c++\debug\pri.resfiles
c:\users\hanne\onedrive\projekte\lokal\vs15\ezg\ezg_hoettinger_mgs1_2015-16\c++\debug\resources.resfiles
c:\users\hanne\onedrive\projekte\lokal\vs15\ezg\ezg_hoettinger_mgs1_2015-16\c++\debug\pch.pch
c:\users\hanne\onedrive\projekte\lokal\vs15\ezg\ezg_hoettinger_mgs1_2015-16\c++\debug\vc120.idb
c:\users\hanne\onedrive\projekte\lokal\vs15\ezg\ezg_hoettinger_mgs1_2015-16\c++\debug\vc120.pdb
c:\users\hanne\onedrive\projekte\lokal\vs15\ezg\ezg_hoettinger_mgs1_2015-16\c++\debug\priconfig.xml
c:\users\hanne\onedrive\projekte\lokal\vs15\ezg\ezg_hoettinger_mgs1_2015-16\c++\debug\xamlsavestatefile.xml
c:\users\hanne\onedrive\projekte\lokal\vs15\ezg\ezg_hoettinger_mgs1_2015-16\c++\debug\shadowmapping\shadowmapping.pdb
c:\users\hanne\onedrive\projekte\lokal\vs15\ezg\ezg_hoettinger_mgs1_2015-16\c++\debug\shadowmapping\shadowmapping.exe
c:\users\hanne\onedrive\projekte\lokal\vs15\ezg\ezg_hoettinger_mgs1_2015-16\c++\debug\shadowmapping\shadowmapping.ilk
c:\users\hanne\onedrive\projekte\lokal\vs15\ezg\ezg_hoettinger_mgs1_2015-16\c++\debug\shadowmapping.tlog\cl.command.1.tlog
c:\users\hanne\onedrive\projekte\lokal\vs15\ezg\ezg_hoettinger_mgs1_2015-16\c++\debug\shadowmapping.tlog\cl.read.1.tlog
c:\users\hanne\onedrive\projekte\lokal\vs15\ezg\ezg_hoettinger_mgs1_2015-16\c++\debug\shadowmapping.tlog\cl.write.1.tlog
c:\users\hanne\onedrive\projekte\lokal\vs15\ezg\ezg_hoettinger_mgs1_2015-16\c++\debug\shadowmapping.tlog\fxc.command.1.tlog
c:\users\hanne\onedrive\projekte\lokal\vs15\ezg\ezg_hoettinger_mgs1_2015-16\c++\debug\shadowmapping.tlog\fxc.read.1.tlog
c:\users\hanne\onedrive\projekte\lokal\vs15\ezg\ezg_hoettinger_mgs1_2015-16\c++\debug\shadowmapping.tlog\fxc.write.1.tlog
c:\users\hanne\onedrive\projekte\lokal\vs15\ezg\ezg_hoettinger_mgs1_2015-16\c++\debug\shadowmapping.tlog\link.command.1.tlog
c:\users\hanne\onedrive\projekte\lokal\vs15\ezg\ezg_hoettinger_mgs1_2015-16\c++\debug\shadowmapping.tlog\link.read.1.tlog
c:\users\hanne\onedrive\projekte\lokal\vs15\ezg\ezg_hoettinger_mgs1_2015-16\c++\debug\shadowmapping.tlog\link.write.1.tlog
c:\users\hanne\onedrive\projekte\lokal\vs15\ezg\ezg_hoettinger_mgs1_2015-16\c++\debug\shadowmapping.tlog\shadowmapping.read.1u.tlog
c:\users\hanne\onedrive\projekte\lokal\vs15\ezg\ezg_hoettinger_mgs1_2015-16\c++\debug\shadowmapping.tlog\shadowmapping.write.1u.tlog
c:\users\hanne\onedrive\projekte\lokal\vs15\ezg\ezg_hoettinger_mgs1_2015-16\c++\generated files\app.g.h
c:\users\hanne\onedrive\projekte\lokal\vs15\ezg\ezg_hoettinger_mgs1_2015-16\c++\generated files\directxpage.g.h
c:\users\hanne\onedrive\projekte\lokal\vs15\ezg\ezg_hoettinger_mgs1_2015-16\c++\generated files\xamlbindinginfo.g.h
c:\users\hanne\onedrive\projekte\lokal\vs15\ezg\ezg_hoettinger_mgs1_2015-16\c++\generated files\xamltypeinfo.g.h
c:\users\hanne\onedrive\projekte\lokal\vs15\ezg\ezg_hoettinger_mgs1_2015-16\c++\generated files\xamllibmetadataprovider.g.cpp
c:\users\hanne\onedrive\projekte\lokal\vs15\ezg\ezg_hoettinger_mgs1_2015-16\c++\generated files\xamltypeinfo.g.cpp
c:\users\hanne\onedrive\projekte\lokal\vs15\ezg\ezg_hoettinger_mgs1_2015-16\c++\generated files\xamltypeinfo.impl.g.cpp
